<?xml version="1.0" encoding="UTF-8"?>
<coverage generated="1782181862103" clover="3.2.0">
  <project timestamp="1782181862103" name="All files">
    <metrics statements="55" coveredstatements="55" conditionals="19" coveredconditionals="13" methods="7" coveredmethods="7" elements="81" coveredelements="75" complexity="0" loc="55" ncloc="55" packages="1" files="2" classes="2"/>
    <file name="login.js" path="C:\Users\lenovo\Desktop\final\tracewrite\frontend\public\js\login.js">
      <metrics statements="24" coveredstatements="24" conditionals="8" coveredconditionals="7" methods="3" coveredmethods="3"/>
      <line num="1" count="5" type="stmt"/>
      <line num="3" count="5" type="stmt"/>
      <line num="4" count="50" type="stmt"/>
      <line num="5" count="50" type="cond" truecount="2" falsecount="0"/>
      <line num="6" count="15" type="stmt"/>
      <line num="7" count="15" type="stmt"/>
      <line num="8" count="15" type="stmt"/>
      <line num="9" count="15" type="stmt"/>
      <line num="14" count="14" type="cond" truecount="2" falsecount="0"/>
      <line num="15" count="3" type="cond" truecount="1" falsecount="1"/>
      <line num="16" count="3" type="stmt"/>
      <line num="17" count="3" type="stmt"/>
      <line num="18" count="3" type="stmt"/>
      <line num="19" count="3" type="stmt"/>
      <line num="22" count="1" type="stmt"/>
      <line num="24" count="11" type="stmt"/>
      <line num="29" count="50" type="stmt"/>
      <line num="30" count="50" type="cond" truecount="2" falsecount="0"/>
      <line num="31" count="15" type="stmt"/>
      <line num="32" count="9" type="stmt"/>
      <line num="33" count="9" type="stmt"/>
      <line num="34" count="9" type="stmt"/>
      <line num="38" count="8" type="stmt"/>
      <line num="40" count="1" type="stmt"/>
    </file>
    <file name="register.js" path="C:\Users\lenovo\Desktop\final\tracewrite\frontend\public\js\register.js">
      <metrics statements="31" coveredstatements="31" conditionals="11" coveredconditionals="6" methods="4" coveredmethods="4"/>
      <line num="1" count="7" type="stmt"/>
      <line num="3" count="7" type="stmt"/>
      <line num="4" count="28" type="stmt"/>
      <line num="5" count="28" type="cond" truecount="1" falsecount="1"/>
      <line num="6" count="28" type="stmt"/>
      <line num="7" count="22" type="stmt"/>
      <line num="8" count="22" type="stmt"/>
      <line num="9" count="22" type="stmt"/>
      <line num="15" count="21" type="cond" truecount="1" falsecount="2"/>
      <line num="16" count="5" type="stmt"/>
      <line num="17" count="5" type="stmt"/>
      <line num="18" count="5" type="stmt"/>
      <line num="19" count="5" type="stmt"/>
      <line num="21" count="17" type="stmt"/>
      <line num="26" count="28" type="stmt"/>
      <line num="27" count="28" type="cond" truecount="1" falsecount="1"/>
      <line num="28" count="28" type="stmt"/>
      <line num="29" count="7" type="stmt"/>
      <line num="30" count="7" type="stmt"/>
      <line num="31" count="7" type="stmt"/>
      <line num="35" count="6" type="stmt"/>
      <line num="37" count="1" type="stmt"/>
      <line num="42" count="28" type="stmt"/>
      <line num="43" count="28" type="cond" truecount="1" falsecount="1"/>
      <line num="44" count="28" type="stmt"/>
      <line num="45" count="18" type="stmt"/>
      <line num="46" count="18" type="cond" truecount="2" falsecount="0"/>
      <line num="47" count="15" type="stmt"/>
      <line num="49" count="3" type="stmt"/>
      <line num="50" count="2" type="stmt"/>
      <line num="52" count="16" type="stmt"/>
    </file>
  </project>
</coverage>
