{"C:\\Users\\lenovo\\Desktop\\final\\tracewrite\\frontend\\public\\js\\login.js": {"path":"C:\\Users\\lenovo\\Desktop\\final\\tracewrite\\frontend\\public\\js\\login.js","statementMap":{"0":{"start":{"line":1,"column":24},"end":{"line":1,"column":26}},"1":{"start":{"line":3,"column":0},"end":{"line":44,"column":3}},"2":{"start":{"line":4,"column":20},"end":{"line":4,"column":56}},"3":{"start":{"line":5,"column":2},"end":{"line":27,"column":3}},"4":{"start":{"line":6,"column":4},"end":{"line":26,"column":7}},"5":{"start":{"line":7,"column":6},"end":{"line":7,"column":25}},"6":{"start":{"line":8,"column":4},"end":{"line":25,"column":5}},"7":{"start":{"line":9,"column":21},"end":{"line":12,"column":8}},"8":{"start":{"line":14,"column":6},"end":{"line":20,"column":7}},"9":{"start":{"line":15,"column":8},"end":{"line":15,"column":64}},"10":{"start":{"line":16,"column":8},"end":{"line":16,"column":68}},"11":{"start":{"line":17,"column":8},"end":{"line":17,"column":67}},"12":{"start":{"line":18,"column":8},"end":{"line":18,"column":74}},"13":{"start":{"line":19,"column":8},"end":{"line":19,"column":15}},"14":{"start":{"line":22,"column":6},"end":{"line":22,"column":36}},"15":{"start":{"line":24,"column":6},"end":{"line":24,"column":55}},"16":{"start":{"line":29,"column":18},"end":{"line":29,"column":52}},"17":{"start":{"line":30,"column":2},"end":{"line":43,"column":3}},"18":{"start":{"line":31,"column":4},"end":{"line":42,"column":7}},"19":{"start":{"line":32,"column":6},"end":{"line":32,"column":25}},"20":{"start":{"line":33,"column":4},"end":{"line":41,"column":5}},"21":{"start":{"line":34,"column":6},"end":{"line":37,"column":9}},"22":{"start":{"line":38,"column":6},"end":{"line":38,"column":36}},"23":{"start":{"line":40,"column":6},"end":{"line":40,"column":55}}},"fnMap":{"0":{"name":"(anonymous_0)","decl":{"start":{"line":3,"column":46},"end":{"line":3,"column":47}},"loc":{"start":{"line":3,"column":52},"end":{"line":44,"column":1}},"line":3},"1":{"name":"(anonymous_1)","decl":{"start":{"line":6,"column":41},"end":{"line":6,"column":42}},"loc":{"start":{"line":6,"column":54},"end":{"line":26,"column":5}},"line":6},"2":{"name":"(anonymous_2)","decl":{"start":{"line":31,"column":39},"end":{"line":31,"column":40}},"loc":{"start":{"line":31,"column":52},"end":{"line":42,"column":5}},"line":31}},"branchMap":{"0":{"loc":{"start":{"line":5,"column":2},"end":{"line":27,"column":3}},"type":"if","locations":[{"start":{"line":5,"column":2},"end":{"line":27,"column":3}},{"start":{},"end":{}}],"line":5},"1":{"loc":{"start":{"line":14,"column":6},"end":{"line":20,"column":7}},"type":"if","locations":[{"start":{"line":14,"column":6},"end":{"line":20,"column":7}},{"start":{},"end":{}}],"line":14},"2":{"loc":{"start":{"line":15,"column":35},"end":{"line":15,"column":62}},"type":"binary-expr","locations":[{"start":{"line":15,"column":35},"end":{"line":15,"column":56}},{"start":{"line":15,"column":60},"end":{"line":15,"column":62}}],"line":15},"3":{"loc":{"start":{"line":30,"column":2},"end":{"line":43,"column":3}},"type":"if","locations":[{"start":{"line":30,"column":2},"end":{"line":43,"column":3}},{"start":{},"end":{}}],"line":30}},"s":{"0":5,"1":5,"2":50,"3":50,"4":15,"5":15,"6":15,"7":15,"8":14,"9":3,"10":3,"11":3,"12":3,"13":3,"14":1,"15":11,"16":50,"17":50,"18":15,"19":9,"20":9,"21":9,"22":8,"23":1},"f":{"0":50,"1":15,"2":9},"b":{"0":[15,35],"1":[3,1],"2":[3,0],"3":[15,35]},"_coverageSchema":"1a1c01bbd47fc00a2c39e90264f33305004495a9","hash":"0a9bf8b4fa2eb9cc341a9ce57fd806b96887575b"}
,"C:\\Users\\lenovo\\Desktop\\final\\tracewrite\\frontend\\public\\js\\register.js": {"path":"C:\\Users\\lenovo\\Desktop\\final\\tracewrite\\frontend\\public\\js\\register.js","statementMap":{"0":{"start":{"line":1,"column":19},"end":{"line":1,"column":21}},"1":{"start":{"line":3,"column":0},"end":{"line":56,"column":3}},"2":{"start":{"line":4,"column":23},"end":{"line":4,"column":62}},"3":{"start":{"line":5,"column":2},"end":{"line":24,"column":3}},"4":{"start":{"line":6,"column":4},"end":{"line":23,"column":7}},"5":{"start":{"line":7,"column":6},"end":{"line":7,"column":25}},"6":{"start":{"line":8,"column":4},"end":{"line":22,"column":5}},"7":{"start":{"line":9,"column":21},"end":{"line":13,"column":8}},"8":{"start":{"line":15,"column":6},"end":{"line":15,"column":90}},"9":{"start":{"line":16,"column":6},"end":{"line":16,"column":77}},"10":{"start":{"line":17,"column":6},"end":{"line":17,"column":69}},"11":{"start":{"line":18,"column":6},"end":{"line":18,"column":73}},"12":{"start":{"line":19,"column":6},"end":{"line":19,"column":101}},"13":{"start":{"line":21,"column":6},"end":{"line":21,"column":55}},"14":{"start":{"line":26,"column":26},"end":{"line":26,"column":68}},"15":{"start":{"line":27,"column":2},"end":{"line":40,"column":3}},"16":{"start":{"line":28,"column":4},"end":{"line":39,"column":7}},"17":{"start":{"line":29,"column":6},"end":{"line":29,"column":25}},"18":{"start":{"line":30,"column":4},"end":{"line":38,"column":5}},"19":{"start":{"line":31,"column":6},"end":{"line":34,"column":9}},"20":{"start":{"line":35,"column":6},"end":{"line":35,"column":36}},"21":{"start":{"line":37,"column":6},"end":{"line":37,"column":55}},"22":{"start":{"line":42,"column":20},"end":{"line":42,"column":64}},"23":{"start":{"line":43,"column":2},"end":{"line":55,"column":3}},"24":{"start":{"line":44,"column":4},"end":{"line":54,"column":7}},"25":{"start":{"line":45,"column":6},"end":{"line":53,"column":5}},"26":{"start":{"line":46,"column":6},"end":{"line":48,"column":7}},"27":{"start":{"line":47,"column":8},"end":{"line":47,"column":72}},"28":{"start":{"line":49,"column":6},"end":{"line":49,"column":83}},"29":{"start":{"line":50,"column":6},"end":{"line":50,"column":73}},"30":{"start":{"line":52,"column":6},"end":{"line":52,"column":55}}},"fnMap":{"0":{"name":"(anonymous_0)","decl":{"start":{"line":3,"column":46},"end":{"line":3,"column":47}},"loc":{"start":{"line":3,"column":52},"end":{"line":56,"column":1}},"line":3},"1":{"name":"(anonymous_1)","decl":{"start":{"line":6,"column":44},"end":{"line":6,"column":45}},"loc":{"start":{"line":6,"column":57},"end":{"line":23,"column":5}},"line":6},"2":{"name":"(anonymous_2)","decl":{"start":{"line":28,"column":47},"end":{"line":28,"column":48}},"loc":{"start":{"line":28,"column":60},"end":{"line":39,"column":5}},"line":28},"3":{"name":"(anonymous_3)","decl":{"start":{"line":44,"column":40},"end":{"line":44,"column":41}},"loc":{"start":{"line":44,"column":52},"end":{"line":54,"column":5}},"line":44}},"branchMap":{"0":{"loc":{"start":{"line":5,"column":2},"end":{"line":24,"column":3}},"type":"if","locations":[{"start":{"line":5,"column":2},"end":{"line":24,"column":3}},{"start":{},"end":{}}],"line":5},"1":{"loc":{"start":{"line":15,"column":28},"end":{"line":15,"column":88}},"type":"binary-expr","locations":[{"start":{"line":15,"column":28},"end":{"line":15,"column":40}},{"start":{"line":15,"column":44},"end":{"line":15,"column":82}},{"start":{"line":15,"column":86},"end":{"line":15,"column":88}}],"line":15},"2":{"loc":{"start":{"line":27,"column":2},"end":{"line":40,"column":3}},"type":"if","locations":[{"start":{"line":27,"column":2},"end":{"line":40,"column":3}},{"start":{},"end":{}}],"line":27},"3":{"loc":{"start":{"line":43,"column":2},"end":{"line":55,"column":3}},"type":"if","locations":[{"start":{"line":43,"column":2},"end":{"line":55,"column":3}},{"start":{},"end":{}}],"line":43},"4":{"loc":{"start":{"line":46,"column":6},"end":{"line":48,"column":7}},"type":"if","locations":[{"start":{"line":46,"column":6},"end":{"line":48,"column":7}},{"start":{},"end":{}}],"line":46}},"s":{"0":7,"1":7,"2":28,"3":28,"4":28,"5":22,"6":22,"7":22,"8":21,"9":5,"10":5,"11":5,"12":5,"13":17,"14":28,"15":28,"16":28,"17":7,"18":7,"19":7,"20":6,"21":1,"22":28,"23":28,"24":28,"25":18,"26":18,"27":15,"28":3,"29":2,"30":16},"f":{"0":28,"1":22,"2":7,"3":18},"b":{"0":[28,0],"1":[21,0,0],"2":[28,0],"3":[28,0],"4":[15,3]},"_coverageSchema":"1a1c01bbd47fc00a2c39e90264f33305004495a9","hash":"224c0fd5c5460ef990eec7a05130d1a08076fa0d"}
}
