TN:
SF:public\js\login.js
FN:3,(anonymous_0)
FN:6,(anonymous_1)
FN:31,(anonymous_2)
FNF:3
FNH:3
FNDA:50,(anonymous_0)
FNDA:15,(anonymous_1)
FNDA:9,(anonymous_2)
DA:1,5
DA:3,5
DA:4,50
DA:5,50
DA:6,15
DA:7,15
DA:8,15
DA:9,15
DA:14,14
DA:15,3
DA:16,3
DA:17,3
DA:18,3
DA:19,3
DA:22,1
DA:24,11
DA:29,50
DA:30,50
DA:31,15
DA:32,9
DA:33,9
DA:34,9
DA:38,8
DA:40,1
LF:24
LH:24
BRDA:5,0,0,15
BRDA:5,0,1,35
BRDA:14,1,0,3
BRDA:14,1,1,1
BRDA:15,2,0,3
BRDA:15,2,1,0
BRDA:30,3,0,15
BRDA:30,3,1,35
BRF:8
BRH:7
end_of_record
TN:
SF:public\js\register.js
FN:3,(anonymous_0)
FN:6,(anonymous_1)
FN:28,(anonymous_2)
FN:44,(anonymous_3)
FNF:4
FNH:4
FNDA:28,(anonymous_0)
FNDA:22,(anonymous_1)
FNDA:7,(anonymous_2)
FNDA:18,(anonymous_3)
DA:1,7
DA:3,7
DA:4,28
DA:5,28
DA:6,28
DA:7,22
DA:8,22
DA:9,22
DA:15,21
DA:16,5
DA:17,5
DA:18,5
DA:19,5
DA:21,17
DA:26,28
DA:27,28
DA:28,28
DA:29,7
DA:30,7
DA:31,7
DA:35,6
DA:37,1
DA:42,28
DA:43,28
DA:44,28
DA:45,18
DA:46,18
DA:47,15
DA:49,3
DA:50,2
DA:52,16
LF:31
LH:31
BRDA:5,0,0,28
BRDA:5,0,1,0
BRDA:15,1,0,21
BRDA:15,1,1,0
BRDA:15,1,2,0
BRDA:27,2,0,28
BRDA:27,2,1,0
BRDA:43,3,0,28
BRDA:43,3,1,0
BRDA:46,4,0,15
BRDA:46,4,1,3
BRF:11
BRH:6
end_of_record
