{"C:\\Users\\lenovo\\Desktop\\final\\tracewrite\\backend\\server\\serverHelpers.js": {"path":"C:\\Users\\lenovo\\Desktop\\final\\tracewrite\\backend\\server\\serverHelpers.js","statementMap":{"0":{"start":{"line":2,"column":18},"end":{"line":11,"column":3}},"1":{"start":{"line":12,"column":14},"end":{"line":12,"column":60}},"2":{"start":{"line":13,"column":2},"end":{"line":13,"column":22}},"3":{"start":{"line":16,"column":21},"end":{"line":16,"column":45}},"4":{"start":{"line":19,"column":2},"end":{"line":19,"column":76}},"5":{"start":{"line":22,"column":0},"end":{"line":22,"column":47}}},"fnMap":{"0":{"name":"colorFromUserId","decl":{"start":{"line":1,"column":9},"end":{"line":1,"column":24}},"loc":{"start":{"line":1,"column":33},"end":{"line":14,"column":1}},"line":1},"1":{"name":"stripHtml","decl":{"start":{"line":18,"column":9},"end":{"line":18,"column":18}},"loc":{"start":{"line":18,"column":31},"end":{"line":20,"column":1}},"line":18}},"branchMap":{"0":{"loc":{"start":{"line":12,"column":30},"end":{"line":12,"column":41}},"type":"binary-expr","locations":[{"start":{"line":12,"column":30},"end":{"line":12,"column":36}},{"start":{"line":12,"column":40},"end":{"line":12,"column":41}}],"line":12},"1":{"loc":{"start":{"line":18,"column":19},"end":{"line":18,"column":29}},"type":"default-arg","locations":[{"start":{"line":18,"column":27},"end":{"line":18,"column":29}}],"line":18}},"s":{"0":3,"1":3,"2":3,"3":1,"4":0,"5":1},"f":{"0":3,"1":0},"b":{"0":[3,0],"1":[0]},"_coverageSchema":"1a1c01bbd47fc00a2c39e90264f33305004495a9","hash":"9e58da3d81cf702a4f7ed084168bf40e9f29c0e2"}
,"C:\\Users\\lenovo\\Desktop\\final\\tracewrite\\backend\\server\\controllers\\authController.js": {"path":"C:\\Users\\lenovo\\Desktop\\final\\tracewrite\\backend\\server\\controllers\\authController.js","statementMap":{"0":{"start":{"line":1,"column":15},"end":{"line":1,"column":34}},"1":{"start":{"line":2,"column":15},"end":{"line":2,"column":32}},"2":{"start":{"line":3,"column":18},"end":{"line":3,"column":37}},"3":{"start":{"line":4,"column":28},"end":{"line":4,"column":55}},"4":{"start":{"line":5,"column":25},"end":{"line":5,"column":60}},"5":{"start":{"line":7,"column":24},"end":{"line":7,"column":26}},"6":{"start":{"line":8,"column":25},"end":{"line":8,"column":26}},"7":{"start":{"line":11,"column":2},"end":{"line":11,"column":50}},"8":{"start":{"line":15,"column":2},"end":{"line":15,"column":63}},"9":{"start":{"line":19,"column":17},"end":{"line":19,"column":96}},"10":{"start":{"line":20,"column":2},"end":{"line":20,"column":86}},"11":{"start":{"line":24,"column":2},"end":{"line":31,"column":4}},"12":{"start":{"line":35,"column":14},"end":{"line":35,"column":29}},"13":{"start":{"line":36,"column":18},"end":{"line":36,"column":30}},"14":{"start":{"line":38,"column":2},"end":{"line":44,"column":4}},"15":{"start":{"line":46,"column":2},"end":{"line":50,"column":4}},"16":{"start":{"line":52,"column":2},"end":{"line":52,"column":56}},"17":{"start":{"line":56,"column":15},"end":{"line":67,"column":3}},"18":{"start":{"line":68,"column":2},"end":{"line":68,"column":25}},"19":{"start":{"line":72,"column":2},"end":{"line":72,"column":60}},"20":{"start":{"line":76,"column":2},"end":{"line":78,"column":3}},"21":{"start":{"line":77,"column":4},"end":{"line":77,"column":60}},"22":{"start":{"line":80,"column":2},"end":{"line":82,"column":3}},"23":{"start":{"line":81,"column":4},"end":{"line":81,"column":83}},"24":{"start":{"line":84,"column":2},"end":{"line":86,"column":3}},"25":{"start":{"line":85,"column":4},"end":{"line":85,"column":70}},"26":{"start":{"line":88,"column":24},"end":{"line":88,"column":36}},"27":{"start":{"line":89,"column":2},"end":{"line":92,"column":3}},"28":{"start":{"line":90,"column":4},"end":{"line":90,"column":90}},"29":{"start":{"line":91,"column":4},"end":{"line":91,"column":49}},"30":{"start":{"line":94,"column":2},"end":{"line":94,"column":84}},"31":{"start":{"line":95,"column":2},"end":{"line":95,"column":22}},"32":{"start":{"line":99,"column":2},"end":{"line":161,"column":3}},"33":{"start":{"line":100,"column":38},"end":{"line":100,"column":46}},"34":{"start":{"line":101,"column":23},"end":{"line":101,"column":44}},"35":{"start":{"line":102,"column":4},"end":{"line":104,"column":5}},"36":{"start":{"line":103,"column":6},"end":{"line":103,"column":87}},"37":{"start":{"line":106,"column":4},"end":{"line":108,"column":5}},"38":{"start":{"line":107,"column":6},"end":{"line":107,"column":87}},"39":{"start":{"line":110,"column":21},"end":{"line":113,"column":5}},"40":{"start":{"line":114,"column":4},"end":{"line":139,"column":5}},"41":{"start":{"line":115,"column":27},"end":{"line":115,"column":38}},"42":{"start":{"line":116,"column":6},"end":{"line":118,"column":7}},"43":{"start":{"line":117,"column":8},"end":{"line":117,"column":71}},"44":{"start":{"line":121,"column":21},"end":{"line":121,"column":52}},"45":{"start":{"line":122,"column":6},"end":{"line":125,"column":8}},"46":{"start":{"line":127,"column":6},"end":{"line":132,"column":9}},"47":{"start":{"line":134,"column":6},"end":{"line":138,"column":9}},"48":{"start":{"line":141,"column":19},"end":{"line":141,"column":50}},"49":{"start":{"line":142,"column":19},"end":{"line":145,"column":5}},"50":{"start":{"line":147,"column":4},"end":{"line":152,"column":7}},"51":{"start":{"line":154,"column":4},"end":{"line":158,"column":7}},"52":{"start":{"line":160,"column":4},"end":{"line":160,"column":56}},"53":{"start":{"line":165,"column":2},"end":{"line":191,"column":3}},"54":{"start":{"line":166,"column":23},"end":{"line":166,"column":53}},"55":{"start":{"line":167,"column":16},"end":{"line":167,"column":49}},"56":{"start":{"line":169,"column":4},"end":{"line":171,"column":5}},"57":{"start":{"line":170,"column":6},"end":{"line":170,"column":75}},"58":{"start":{"line":173,"column":19},"end":{"line":173,"column":93}},"59":{"start":{"line":174,"column":20},"end":{"line":174,"column":61}},"60":{"start":{"line":175,"column":4},"end":{"line":177,"column":5}},"61":{"start":{"line":176,"column":6},"end":{"line":176,"column":61}},"62":{"start":{"line":179,"column":4},"end":{"line":179,"column":86}},"63":{"start":{"line":180,"column":18},"end":{"line":183,"column":5}},"64":{"start":{"line":185,"column":17},"end":{"line":185,"column":43}},"65":{"start":{"line":186,"column":4},"end":{"line":186,"column":28}},"66":{"start":{"line":188,"column":4},"end":{"line":188,"column":70}},"67":{"start":{"line":190,"column":4},"end":{"line":190,"column":56}},"68":{"start":{"line":195,"column":2},"end":{"line":225,"column":3}},"69":{"start":{"line":196,"column":23},"end":{"line":196,"column":53}},"70":{"start":{"line":197,"column":4},"end":{"line":199,"column":5}},"71":{"start":{"line":198,"column":6},"end":{"line":198,"column":66}},"72":{"start":{"line":201,"column":18},"end":{"line":204,"column":5}},"73":{"start":{"line":206,"column":4},"end":{"line":208,"column":5}},"74":{"start":{"line":207,"column":6},"end":{"line":207,"column":94}},"75":{"start":{"line":210,"column":17},"end":{"line":210,"column":25}},"76":{"start":{"line":211,"column":4},"end":{"line":213,"column":5}},"77":{"start":{"line":212,"column":6},"end":{"line":212,"column":74}},"78":{"start":{"line":215,"column":4},"end":{"line":220,"column":7}},"79":{"start":{"line":222,"column":4},"end":{"line":222,"column":58}},"80":{"start":{"line":224,"column":4},"end":{"line":224,"column":56}},"81":{"start":{"line":229,"column":2},"end":{"line":285,"column":3}},"82":{"start":{"line":230,"column":32},"end":{"line":230,"column":40}},"83":{"start":{"line":231,"column":23},"end":{"line":231,"column":44}},"84":{"start":{"line":232,"column":4},"end":{"line":234,"column":5}},"85":{"start":{"line":233,"column":6},"end":{"line":233,"column":80}},"86":{"start":{"line":236,"column":17},"end":{"line":236,"column":81}},"87":{"start":{"line":237,"column":4},"end":{"line":239,"column":5}},"88":{"start":{"line":238,"column":6},"end":{"line":238,"column":68}},"89":{"start":{"line":241,"column":20},"end":{"line":241,"column":27}},"90":{"start":{"line":242,"column":18},"end":{"line":242,"column":66}},"91":{"start":{"line":243,"column":4},"end":{"line":245,"column":5}},"92":{"start":{"line":244,"column":6},"end":{"line":244,"column":68}},"93":{"start":{"line":247,"column":4},"end":{"line":260,"column":5}},"94":{"start":{"line":248,"column":6},"end":{"line":253,"column":9}},"95":{"start":{"line":255,"column":6},"end":{"line":259,"column":9}},"96":{"start":{"line":262,"column":4},"end":{"line":277,"column":5}},"97":{"start":{"line":263,"column":29},"end":{"line":263,"column":48}},"98":{"start":{"line":264,"column":6},"end":{"line":270,"column":9}},"99":{"start":{"line":272,"column":6},"end":{"line":276,"column":9}},"100":{"start":{"line":279,"column":17},"end":{"line":279,"column":42}},"101":{"start":{"line":281,"column":4},"end":{"line":281,"column":28}},"102":{"start":{"line":282,"column":4},"end":{"line":282,"column":52}},"103":{"start":{"line":284,"column":4},"end":{"line":284,"column":56}},"104":{"start":{"line":289,"column":2},"end":{"line":327,"column":3}},"105":{"start":{"line":290,"column":27},"end":{"line":290,"column":71}},"106":{"start":{"line":291,"column":16},"end":{"line":291,"column":49}},"107":{"start":{"line":292,"column":4},"end":{"line":294,"column":5}},"108":{"start":{"line":293,"column":6},"end":{"line":293,"column":84}},"109":{"start":{"line":296,"column":17},"end":{"line":307,"column":5}},"110":{"start":{"line":309,"column":19},"end":{"line":309,"column":34}},"111":{"start":{"line":310,"column":20},"end":{"line":310,"column":61}},"112":{"start":{"line":311,"column":4},"end":{"line":313,"column":5}},"113":{"start":{"line":312,"column":6},"end":{"line":312,"column":61}},"114":{"start":{"line":315,"column":17},"end":{"line":321,"column":6}},"115":{"start":{"line":323,"column":4},"end":{"line":323,"column":28}},"116":{"start":{"line":324,"column":4},"end":{"line":324,"column":52}},"117":{"start":{"line":326,"column":4},"end":{"line":326,"column":56}},"118":{"start":{"line":331,"column":2},"end":{"line":333,"column":5}},"119":{"start":{"line":332,"column":4},"end":{"line":332,"column":40}},"120":{"start":{"line":337,"column":2},"end":{"line":356,"column":3}},"121":{"start":{"line":338,"column":4},"end":{"line":340,"column":5}},"122":{"start":{"line":339,"column":6},"end":{"line":339,"column":61}},"123":{"start":{"line":342,"column":17},"end":{"line":345,"column":5}},"124":{"start":{"line":346,"column":4},"end":{"line":349,"column":5}},"125":{"start":{"line":347,"column":6},"end":{"line":347,"column":36}},"126":{"start":{"line":348,"column":6},"end":{"line":348,"column":61}},"127":{"start":{"line":351,"column":17},"end":{"line":351,"column":42}},"128":{"start":{"line":352,"column":4},"end":{"line":352,"column":28}},"129":{"start":{"line":353,"column":4},"end":{"line":353,"column":30}},"130":{"start":{"line":355,"column":4},"end":{"line":355,"column":56}},"131":{"start":{"line":360,"column":2},"end":{"line":385,"column":3}},"132":{"start":{"line":361,"column":4},"end":{"line":363,"column":5}},"133":{"start":{"line":362,"column":6},"end":{"line":362,"column":61}},"134":{"start":{"line":365,"column":45},"end":{"line":365,"column":53}},"135":{"start":{"line":366,"column":4},"end":{"line":368,"column":5}},"136":{"start":{"line":367,"column":6},"end":{"line":367,"column":107}},"137":{"start":{"line":370,"column":17},"end":{"line":370,"column":94}},"138":{"start":{"line":371,"column":4},"end":{"line":373,"column":5}},"139":{"start":{"line":372,"column":6},"end":{"line":372,"column":63}},"140":{"start":{"line":375,"column":18},"end":{"line":375,"column":73}},"141":{"start":{"line":376,"column":4},"end":{"line":378,"column":5}},"142":{"start":{"line":377,"column":6},"end":{"line":377,"column":78}},"143":{"start":{"line":380,"column":19},"end":{"line":380,"column":53}},"144":{"start":{"line":381,"column":4},"end":{"line":381,"column":93}},"145":{"start":{"line":382,"column":4},"end":{"line":382,"column":66}},"146":{"start":{"line":384,"column":4},"end":{"line":384,"column":56}},"147":{"start":{"line":389,"column":2},"end":{"line":438,"column":3}},"148":{"start":{"line":390,"column":4},"end":{"line":392,"column":5}},"149":{"start":{"line":391,"column":6},"end":{"line":391,"column":61}},"150":{"start":{"line":394,"column":20},"end":{"line":394,"column":36}},"151":{"start":{"line":395,"column":28},"end":{"line":395,"column":66}},"152":{"start":{"line":397,"column":4},"end":{"line":399,"column":5}},"153":{"start":{"line":398,"column":6},"end":{"line":398,"column":72}},"154":{"start":{"line":401,"column":4},"end":{"line":403,"column":5}},"155":{"start":{"line":402,"column":6},"end":{"line":402,"column":76}},"156":{"start":{"line":405,"column":17},"end":{"line":408,"column":5}},"157":{"start":{"line":410,"column":4},"end":{"line":412,"column":5}},"158":{"start":{"line":411,"column":6},"end":{"line":411,"column":63}},"159":{"start":{"line":414,"column":20},"end":{"line":414,"column":27}},"160":{"start":{"line":415,"column":18},"end":{"line":415,"column":73}},"161":{"start":{"line":416,"column":4},"end":{"line":418,"column":5}},"162":{"start":{"line":417,"column":6},"end":{"line":417,"column":78}},"163":{"start":{"line":420,"column":4},"end":{"line":422,"column":5}},"164":{"start":{"line":421,"column":6},"end":{"line":421,"column":86}},"165":{"start":{"line":424,"column":4},"end":{"line":424,"column":96}},"166":{"start":{"line":426,"column":17},"end":{"line":429,"column":6}},"167":{"start":{"line":430,"column":4},"end":{"line":430,"column":28}},"168":{"start":{"line":432,"column":4},"end":{"line":435,"column":7}},"169":{"start":{"line":437,"column":4},"end":{"line":437,"column":56}},"170":{"start":{"line":441,"column":0},"end":{"line":451,"column":2}}},"fnMap":{"0":{"name":"normalizeEmail","decl":{"start":{"line":10,"column":9},"end":{"line":10,"column":23}},"loc":{"start":{"line":10,"column":31},"end":{"line":12,"column":1}},"line":10},"1":{"name":"createOtpCode","decl":{"start":{"line":14,"column":9},"end":{"line":14,"column":22}},"loc":{"start":{"line":14,"column":25},"end":{"line":16,"column":1}},"line":14},"2":{"name":"hashOtp","decl":{"start":{"line":18,"column":9},"end":{"line":18,"column":16}},"loc":{"start":{"line":18,"column":22},"end":{"line":21,"column":1}},"line":18},"3":{"name":"buildSessionUser","decl":{"start":{"line":23,"column":9},"end":{"line":23,"column":25}},"loc":{"start":{"line":23,"column":35},"end":{"line":32,"column":1}},"line":23},"4":{"name":"issueOtp","decl":{"start":{"line":34,"column":15},"end":{"line":34,"column":23}},"loc":{"start":{"line":34,"column":81},"end":{"line":53,"column":1}},"line":34},"5":{"name":"loadActiveOtpByEmail","decl":{"start":{"line":55,"column":15},"end":{"line":55,"column":35}},"loc":{"start":{"line":55,"column":56},"end":{"line":69,"column":1}},"line":55},"6":{"name":"isOtpExpired","decl":{"start":{"line":71,"column":9},"end":{"line":71,"column":21}},"loc":{"start":{"line":71,"column":30},"end":{"line":73,"column":1}},"line":71},"7":{"name":"validateOtpAttempt","decl":{"start":{"line":75,"column":15},"end":{"line":75,"column":33}},"loc":{"start":{"line":75,"column":51},"end":{"line":96,"column":1}},"line":75},"8":{"name":"register","decl":{"start":{"line":98,"column":15},"end":{"line":98,"column":23}},"loc":{"start":{"line":98,"column":34},"end":{"line":162,"column":1}},"line":98},"9":{"name":"verifyEmailOtp","decl":{"start":{"line":164,"column":15},"end":{"line":164,"column":29}},"loc":{"start":{"line":164,"column":40},"end":{"line":192,"column":1}},"line":164},"10":{"name":"resendVerificationOtp","decl":{"start":{"line":194,"column":15},"end":{"line":194,"column":36}},"loc":{"start":{"line":194,"column":47},"end":{"line":226,"column":1}},"line":194},"11":{"name":"login","decl":{"start":{"line":228,"column":15},"end":{"line":228,"column":20}},"loc":{"start":{"line":228,"column":31},"end":{"line":286,"column":1}},"line":228},"12":{"name":"verifyMfa","decl":{"start":{"line":288,"column":15},"end":{"line":288,"column":24}},"loc":{"start":{"line":288,"column":35},"end":{"line":328,"column":1}},"line":288},"13":{"name":"logout","decl":{"start":{"line":330,"column":9},"end":{"line":330,"column":15}},"loc":{"start":{"line":330,"column":26},"end":{"line":334,"column":1}},"line":330},"14":{"name":"(anonymous_14)","decl":{"start":{"line":331,"column":22},"end":{"line":331,"column":23}},"loc":{"start":{"line":331,"column":28},"end":{"line":333,"column":3}},"line":331},"15":{"name":"me","decl":{"start":{"line":336,"column":15},"end":{"line":336,"column":17}},"loc":{"start":{"line":336,"column":28},"end":{"line":357,"column":1}},"line":336},"16":{"name":"(anonymous_16)","decl":{"start":{"line":347,"column":26},"end":{"line":347,"column":27}},"loc":{"start":{"line":347,"column":32},"end":{"line":347,"column":34}},"line":347},"17":{"name":"resetPassword","decl":{"start":{"line":359,"column":15},"end":{"line":359,"column":28}},"loc":{"start":{"line":359,"column":39},"end":{"line":386,"column":1}},"line":359},"18":{"name":"updateMfa","decl":{"start":{"line":388,"column":15},"end":{"line":388,"column":24}},"loc":{"start":{"line":388,"column":35},"end":{"line":439,"column":1}},"line":388}},"branchMap":{"0":{"loc":{"start":{"line":11,"column":16},"end":{"line":11,"column":27}},"type":"binary-expr","locations":[{"start":{"line":11,"column":16},"end":{"line":11,"column":21}},{"start":{"line":11,"column":25},"end":{"line":11,"column":27}}],"line":11},"1":{"loc":{"start":{"line":19,"column":17},"end":{"line":19,"column":96}},"type":"binary-expr","locations":[{"start":{"line":19,"column":17},"end":{"line":19,"column":39}},{"start":{"line":19,"column":43},"end":{"line":19,"column":69}},{"start":{"line":19,"column":73},"end":{"line":19,"column":96}}],"line":19},"2":{"loc":{"start":{"line":34,"column":56},"end":{"line":34,"column":77}},"type":"default-arg","locations":[{"start":{"line":34,"column":73},"end":{"line":34,"column":77}}],"line":34},"3":{"loc":{"start":{"line":68,"column":9},"end":{"line":68,"column":24}},"type":"binary-expr","locations":[{"start":{"line":68,"column":9},"end":{"line":68,"column":16}},{"start":{"line":68,"column":20},"end":{"line":68,"column":24}}],"line":68},"4":{"loc":{"start":{"line":76,"column":2},"end":{"line":78,"column":3}},"type":"if","locations":[{"start":{"line":76,"column":2},"end":{"line":78,"column":3}},{"start":{},"end":{}}],"line":76},"5":{"loc":{"start":{"line":80,"column":2},"end":{"line":82,"column":3}},"type":"if","locations":[{"start":{"line":80,"column":2},"end":{"line":82,"column":3}},{"start":{},"end":{}}],"line":80},"6":{"loc":{"start":{"line":84,"column":2},"end":{"line":86,"column":3}},"type":"if","locations":[{"start":{"line":84,"column":2},"end":{"line":86,"column":3}},{"start":{},"end":{}}],"line":84},"7":{"loc":{"start":{"line":89,"column":2},"end":{"line":92,"column":3}},"type":"if","locations":[{"start":{"line":89,"column":2},"end":{"line":92,"column":3}},{"start":{},"end":{}}],"line":89},"8":{"loc":{"start":{"line":102,"column":4},"end":{"line":104,"column":5}},"type":"if","locations":[{"start":{"line":102,"column":4},"end":{"line":104,"column":5}},{"start":{},"end":{}}],"line":102},"9":{"loc":{"start":{"line":102,"column":8},"end":{"line":102,"column":36}},"type":"binary-expr","locations":[{"start":{"line":102,"column":8},"end":{"line":102,"column":13}},{"start":{"line":102,"column":17},"end":{"line":102,"column":23}},{"start":{"line":102,"column":27},"end":{"line":102,"column":36}}],"line":102},"10":{"loc":{"start":{"line":106,"column":4},"end":{"line":108,"column":5}},"type":"if","locations":[{"start":{"line":106,"column":4},"end":{"line":108,"column":5}},{"start":{},"end":{}}],"line":106},"11":{"loc":{"start":{"line":114,"column":4},"end":{"line":139,"column":5}},"type":"if","locations":[{"start":{"line":114,"column":4},"end":{"line":139,"column":5}},{"start":{},"end":{}}],"line":114},"12":{"loc":{"start":{"line":116,"column":6},"end":{"line":118,"column":7}},"type":"if","locations":[{"start":{"line":116,"column":6},"end":{"line":118,"column":7}},{"start":{},"end":{}}],"line":116},"13":{"loc":{"start":{"line":167,"column":23},"end":{"line":167,"column":41}},"type":"binary-expr","locations":[{"start":{"line":167,"column":23},"end":{"line":167,"column":35}},{"start":{"line":167,"column":39},"end":{"line":167,"column":41}}],"line":167},"14":{"loc":{"start":{"line":169,"column":4},"end":{"line":171,"column":5}},"type":"if","locations":[{"start":{"line":169,"column":4},"end":{"line":171,"column":5}},{"start":{},"end":{}}],"line":169},"15":{"loc":{"start":{"line":169,"column":8},"end":{"line":169,"column":27}},"type":"binary-expr","locations":[{"start":{"line":169,"column":8},"end":{"line":169,"column":19}},{"start":{"line":169,"column":23},"end":{"line":169,"column":27}}],"line":169},"16":{"loc":{"start":{"line":175,"column":4},"end":{"line":177,"column":5}},"type":"if","locations":[{"start":{"line":175,"column":4},"end":{"line":177,"column":5}},{"start":{},"end":{}}],"line":175},"17":{"loc":{"start":{"line":197,"column":4},"end":{"line":199,"column":5}},"type":"if","locations":[{"start":{"line":197,"column":4},"end":{"line":199,"column":5}},{"start":{},"end":{}}],"line":197},"18":{"loc":{"start":{"line":206,"column":4},"end":{"line":208,"column":5}},"type":"if","locations":[{"start":{"line":206,"column":4},"end":{"line":208,"column":5}},{"start":{},"end":{}}],"line":206},"19":{"loc":{"start":{"line":211,"column":4},"end":{"line":213,"column":5}},"type":"if","locations":[{"start":{"line":211,"column":4},"end":{"line":213,"column":5}},{"start":{},"end":{}}],"line":211},"20":{"loc":{"start":{"line":232,"column":4},"end":{"line":234,"column":5}},"type":"if","locations":[{"start":{"line":232,"column":4},"end":{"line":234,"column":5}},{"start":{},"end":{}}],"line":232},"21":{"loc":{"start":{"line":232,"column":8},"end":{"line":232,"column":27}},"type":"binary-expr","locations":[{"start":{"line":232,"column":8},"end":{"line":232,"column":14}},{"start":{"line":232,"column":18},"end":{"line":232,"column":27}}],"line":232},"22":{"loc":{"start":{"line":237,"column":4},"end":{"line":239,"column":5}},"type":"if","locations":[{"start":{"line":237,"column":4},"end":{"line":239,"column":5}},{"start":{},"end":{}}],"line":237},"23":{"loc":{"start":{"line":243,"column":4},"end":{"line":245,"column":5}},"type":"if","locations":[{"start":{"line":243,"column":4},"end":{"line":245,"column":5}},{"start":{},"end":{}}],"line":243},"24":{"loc":{"start":{"line":247,"column":4},"end":{"line":260,"column":5}},"type":"if","locations":[{"start":{"line":247,"column":4},"end":{"line":260,"column":5}},{"start":{},"end":{}}],"line":247},"25":{"loc":{"start":{"line":262,"column":4},"end":{"line":277,"column":5}},"type":"if","locations":[{"start":{"line":262,"column":4},"end":{"line":277,"column":5}},{"start":{},"end":{}}],"line":262},"26":{"loc":{"start":{"line":290,"column":34},"end":{"line":290,"column":63}},"type":"binary-expr","locations":[{"start":{"line":290,"column":34},"end":{"line":290,"column":57}},{"start":{"line":290,"column":61},"end":{"line":290,"column":63}}],"line":290},"27":{"loc":{"start":{"line":291,"column":23},"end":{"line":291,"column":41}},"type":"binary-expr","locations":[{"start":{"line":291,"column":23},"end":{"line":291,"column":35}},{"start":{"line":291,"column":39},"end":{"line":291,"column":41}}],"line":291},"28":{"loc":{"start":{"line":292,"column":4},"end":{"line":294,"column":5}},"type":"if","locations":[{"start":{"line":292,"column":4},"end":{"line":294,"column":5}},{"start":{},"end":{}}],"line":292},"29":{"loc":{"start":{"line":292,"column":8},"end":{"line":292,"column":31}},"type":"binary-expr","locations":[{"start":{"line":292,"column":8},"end":{"line":292,"column":23}},{"start":{"line":292,"column":27},"end":{"line":292,"column":31}}],"line":292},"30":{"loc":{"start":{"line":309,"column":19},"end":{"line":309,"column":34}},"type":"binary-expr","locations":[{"start":{"line":309,"column":19},"end":{"line":309,"column":26}},{"start":{"line":309,"column":30},"end":{"line":309,"column":34}}],"line":309},"31":{"loc":{"start":{"line":311,"column":4},"end":{"line":313,"column":5}},"type":"if","locations":[{"start":{"line":311,"column":4},"end":{"line":313,"column":5}},{"start":{},"end":{}}],"line":311},"32":{"loc":{"start":{"line":338,"column":4},"end":{"line":340,"column":5}},"type":"if","locations":[{"start":{"line":338,"column":4},"end":{"line":340,"column":5}},{"start":{},"end":{}}],"line":338},"33":{"loc":{"start":{"line":346,"column":4},"end":{"line":349,"column":5}},"type":"if","locations":[{"start":{"line":346,"column":4},"end":{"line":349,"column":5}},{"start":{},"end":{}}],"line":346},"34":{"loc":{"start":{"line":361,"column":4},"end":{"line":363,"column":5}},"type":"if","locations":[{"start":{"line":361,"column":4},"end":{"line":363,"column":5}},{"start":{},"end":{}}],"line":361},"35":{"loc":{"start":{"line":366,"column":4},"end":{"line":368,"column":5}},"type":"if","locations":[{"start":{"line":366,"column":4},"end":{"line":368,"column":5}},{"start":{},"end":{}}],"line":366},"36":{"loc":{"start":{"line":366,"column":8},"end":{"line":366,"column":74}},"type":"binary-expr","locations":[{"start":{"line":366,"column":8},"end":{"line":366,"column":24}},{"start":{"line":366,"column":28},"end":{"line":366,"column":40}},{"start":{"line":366,"column":44},"end":{"line":366,"column":74}}],"line":366},"37":{"loc":{"start":{"line":371,"column":4},"end":{"line":373,"column":5}},"type":"if","locations":[{"start":{"line":371,"column":4},"end":{"line":373,"column":5}},{"start":{},"end":{}}],"line":371},"38":{"loc":{"start":{"line":376,"column":4},"end":{"line":378,"column":5}},"type":"if","locations":[{"start":{"line":376,"column":4},"end":{"line":378,"column":5}},{"start":{},"end":{}}],"line":376},"39":{"loc":{"start":{"line":390,"column":4},"end":{"line":392,"column":5}},"type":"if","locations":[{"start":{"line":390,"column":4},"end":{"line":392,"column":5}},{"start":{},"end":{}}],"line":390},"40":{"loc":{"start":{"line":395,"column":35},"end":{"line":395,"column":65}},"type":"binary-expr","locations":[{"start":{"line":395,"column":35},"end":{"line":395,"column":59}},{"start":{"line":395,"column":63},"end":{"line":395,"column":65}}],"line":395},"41":{"loc":{"start":{"line":397,"column":4},"end":{"line":399,"column":5}},"type":"if","locations":[{"start":{"line":397,"column":4},"end":{"line":399,"column":5}},{"start":{},"end":{}}],"line":397},"42":{"loc":{"start":{"line":401,"column":4},"end":{"line":403,"column":5}},"type":"if","locations":[{"start":{"line":401,"column":4},"end":{"line":403,"column":5}},{"start":{},"end":{}}],"line":401},"43":{"loc":{"start":{"line":410,"column":4},"end":{"line":412,"column":5}},"type":"if","locations":[{"start":{"line":410,"column":4},"end":{"line":412,"column":5}},{"start":{},"end":{}}],"line":410},"44":{"loc":{"start":{"line":416,"column":4},"end":{"line":418,"column":5}},"type":"if","locations":[{"start":{"line":416,"column":4},"end":{"line":418,"column":5}},{"start":{},"end":{}}],"line":416},"45":{"loc":{"start":{"line":420,"column":4},"end":{"line":422,"column":5}},"type":"if","locations":[{"start":{"line":420,"column":4},"end":{"line":422,"column":5}},{"start":{},"end":{}}],"line":420},"46":{"loc":{"start":{"line":420,"column":8},"end":{"line":420,"column":42}},"type":"binary-expr","locations":[{"start":{"line":420,"column":8},"end":{"line":420,"column":15}},{"start":{"line":420,"column":19},"end":{"line":420,"column":42}}],"line":420},"47":{"loc":{"start":{"line":424,"column":66},"end":{"line":424,"column":81}},"type":"cond-expr","locations":[{"start":{"line":424,"column":76},"end":{"line":424,"column":77}},{"start":{"line":424,"column":80},"end":{"line":424,"column":81}}],"line":424},"48":{"loc":{"start":{"line":428,"column":19},"end":{"line":428,"column":34}},"type":"cond-expr","locations":[{"start":{"line":428,"column":29},"end":{"line":428,"column":30}},{"start":{"line":428,"column":33},"end":{"line":428,"column":34}}],"line":428},"49":{"loc":{"start":{"line":433,"column":15},"end":{"line":433,"column":55}},"type":"cond-expr","locations":[{"start":{"line":433,"column":25},"end":{"line":433,"column":38}},{"start":{"line":433,"column":41},"end":{"line":433,"column":55}}],"line":433}},"s":{"0":1,"1":1,"2":1,"3":1,"4":1,"5":1,"6":1,"7":13,"8":5,"9":6,"10":6,"11":3,"12":5,"13":5,"14":5,"15":5,"16":5,"17":1,"18":1,"19":1,"20":1,"21":0,"22":1,"23":0,"24":1,"25":0,"26":1,"27":1,"28":1,"29":1,"30":0,"31":0,"32":5,"33":5,"34":5,"35":5,"36":1,"37":4,"38":1,"39":3,"40":3,"41":2,"42":2,"43":1,"44":1,"45":1,"46":1,"47":1,"48":1,"49":1,"50":1,"51":1,"52":0,"53":2,"54":2,"55":2,"56":2,"57":1,"58":1,"59":1,"60":1,"61":1,"62":0,"63":0,"64":0,"65":0,"66":0,"67":0,"68":2,"69":2,"70":2,"71":0,"72":2,"73":2,"74":0,"75":2,"76":2,"77":1,"78":1,"79":1,"80":0,"81":4,"82":4,"83":4,"84":4,"85":0,"86":4,"87":4,"88":1,"89":3,"90":3,"91":3,"92":0,"93":3,"94":1,"95":1,"96":2,"97":1,"98":1,"99":1,"100":1,"101":1,"102":1,"103":0,"104":1,"105":1,"106":1,"107":1,"108":1,"109":0,"110":0,"111":0,"112":0,"113":0,"114":0,"115":0,"116":0,"117":0,"118":1,"119":1,"120":2,"121":2,"122":1,"123":1,"124":1,"125":0,"126":0,"127":1,"128":1,"129":1,"130":0,"131":2,"132":2,"133":0,"134":2,"135":2,"136":1,"137":1,"138":1,"139":0,"140":1,"141":1,"142":0,"143":1,"144":1,"145":1,"146":0,"147":2,"148":2,"149":0,"150":2,"151":2,"152":2,"153":0,"154":2,"155":0,"156":2,"157":2,"158":0,"159":2,"160":2,"161":2,"162":0,"163":2,"164":1,"165":1,"166":1,"167":1,"168":1,"169":0,"170":1},"f":{"0":13,"1":5,"2":6,"3":3,"4":5,"5":1,"6":1,"7":1,"8":5,"9":2,"10":2,"11":4,"12":1,"13":1,"14":1,"15":2,"16":0,"17":2,"18":2},"b":{"0":[13,2],"1":[6,6,6],"2":[4],"3":[1,0],"4":[0,1],"5":[0,1],"6":[0,1],"7":[1,0],"8":[1,4],"9":[5,4,4],"10":[1,3],"11":[2,1],"12":[1,1],"13":[2,1],"14":[1,1],"15":[2,1],"16":[1,0],"17":[0,2],"18":[0,2],"19":[1,1],"20":[0,4],"21":[4,4],"22":[1,3],"23":[0,3],"24":[1,2],"25":[1,1],"26":[1,1],"27":[1,1],"28":[1,0],"29":[1,0],"30":[0,0],"31":[0,0],"32":[1,1],"33":[0,1],"34":[0,2],"35":[1,1],"36":[2,2,2],"37":[0,1],"38":[0,1],"39":[0,2],"40":[2,0],"41":[0,2],"42":[0,2],"43":[0,2],"44":[0,2],"45":[1,1],"46":[2,2],"47":[1,0],"48":[1,0],"49":[1,0]},"_coverageSchema":"1a1c01bbd47fc00a2c39e90264f33305004495a9","hash":"585409b626d4bcfbc84688bfa00e51c7a1d60316"}
,"C:\\Users\\lenovo\\Desktop\\final\\tracewrite\\backend\\server\\controllers\\authMiddleware.js": {"path":"C:\\Users\\lenovo\\Desktop\\final\\tracewrite\\backend\\server\\controllers\\authMiddleware.js","statementMap":{"0":{"start":{"line":2,"column":2},"end":{"line":4,"column":3}},"1":{"start":{"line":3,"column":4},"end":{"line":3,"column":59}},"2":{"start":{"line":5,"column":2},"end":{"line":5,"column":16}},"3":{"start":{"line":8,"column":0},"end":{"line":8,"column":33}}},"fnMap":{"0":{"name":"requireAuth","decl":{"start":{"line":1,"column":9},"end":{"line":1,"column":20}},"loc":{"start":{"line":1,"column":37},"end":{"line":6,"column":1}},"line":1}},"branchMap":{"0":{"loc":{"start":{"line":2,"column":2},"end":{"line":4,"column":3}},"type":"if","locations":[{"start":{"line":2,"column":2},"end":{"line":4,"column":3}},{"start":{},"end":{}}],"line":2}},"s":{"0":4,"1":0,"2":4,"3":1},"f":{"0":4},"b":{"0":[0,4]},"_coverageSchema":"1a1c01bbd47fc00a2c39e90264f33305004495a9","hash":"8977a6cf1828cb87b90d4f4fa9c8a723f599945e"}
,"C:\\Users\\lenovo\\Desktop\\final\\tracewrite\\backend\\server\\routes\\auth.js": {"path":"C:\\Users\\lenovo\\Desktop\\final\\tracewrite\\backend\\server\\routes\\auth.js","statementMap":{"0":{"start":{"line":1,"column":16},"end":{"line":1,"column":34}},"1":{"start":{"line":2,"column":23},"end":{"line":2,"column":63}},"2":{"start":{"line":3,"column":24},"end":{"line":3,"column":64}},"3":{"start":{"line":5,"column":15},"end":{"line":5,"column":31}},"4":{"start":{"line":7,"column":0},"end":{"line":7,"column":50}},"5":{"start":{"line":8,"column":0},"end":{"line":8,"column":60}},"6":{"start":{"line":9,"column":0},"end":{"line":9,"column":78}},"7":{"start":{"line":10,"column":0},"end":{"line":10,"column":44}},"8":{"start":{"line":11,"column":0},"end":{"line":11,"column":53}},"9":{"start":{"line":12,"column":0},"end":{"line":12,"column":46}},"10":{"start":{"line":13,"column":0},"end":{"line":13,"column":37}},"11":{"start":{"line":14,"column":0},"end":{"line":14,"column":74}},"12":{"start":{"line":15,"column":0},"end":{"line":15,"column":59}},"13":{"start":{"line":17,"column":0},"end":{"line":17,"column":24}}},"fnMap":{},"branchMap":{},"s":{"0":1,"1":1,"2":1,"3":1,"4":1,"5":1,"6":1,"7":1,"8":1,"9":1,"10":1,"11":1,"12":1,"13":1},"f":{},"b":{},"_coverageSchema":"1a1c01bbd47fc00a2c39e90264f33305004495a9","hash":"6196081f88b7f199892ae1001850d4050114c128"}
}
