TN:
SF:server\serverHelpers.js
FN:1,colorFromUserId
FN:18,stripHtml
FNF:2
FNH:1
FNDA:3,colorFromUserId
FNDA:0,stripHtml
DA:2,3
DA:12,3
DA:13,3
DA:16,1
DA:19,0
DA:22,1
LF:6
LH:5
BRDA:12,0,0,3
BRDA:12,0,1,0
BRDA:18,1,0,0
BRF:3
BRH:1
end_of_record
TN:
SF:server\controllers\authController.js
FN:10,normalizeEmail
FN:14,createOtpCode
FN:18,hashOtp
FN:23,buildSessionUser
FN:34,issueOtp
FN:55,loadActiveOtpByEmail
FN:71,isOtpExpired
FN:75,validateOtpAttempt
FN:98,register
FN:164,verifyEmailOtp
FN:194,resendVerificationOtp
FN:228,login
FN:288,verifyMfa
FN:330,logout
FN:331,(anonymous_14)
FN:336,me
FN:347,(anonymous_16)
FN:359,resetPassword
FN:388,updateMfa
FNF:19
FNH:18
FNDA:13,normalizeEmail
FNDA:5,createOtpCode
FNDA:6,hashOtp
FNDA:3,buildSessionUser
FNDA:5,issueOtp
FNDA:1,loadActiveOtpByEmail
FNDA:1,isOtpExpired
FNDA:1,validateOtpAttempt
FNDA:5,register
FNDA:2,verifyEmailOtp
FNDA:2,resendVerificationOtp
FNDA:4,login
FNDA:1,verifyMfa
FNDA:1,logout
FNDA:1,(anonymous_14)
FNDA:2,me
FNDA:0,(anonymous_16)
FNDA:2,resetPassword
FNDA:2,updateMfa
DA:1,1
DA:2,1
DA:3,1
DA:4,1
DA:5,1
DA:7,1
DA:8,1
DA:11,13
DA:15,5
DA:19,6
DA:20,6
DA:24,3
DA:35,5
DA:36,5
DA:38,5
DA:46,5
DA:52,5
DA:56,1
DA:68,1
DA:72,1
DA:76,1
DA:77,0
DA:80,1
DA:81,0
DA:84,1
DA:85,0
DA:88,1
DA:89,1
DA:90,1
DA:91,1
DA:94,0
DA:95,0
DA:99,5
DA:100,5
DA:101,5
DA:102,5
DA:103,1
DA:106,4
DA:107,1
DA:110,3
DA:114,3
DA:115,2
DA:116,2
DA:117,1
DA:121,1
DA:122,1
DA:127,1
DA:134,1
DA:141,1
DA:142,1
DA:147,1
DA:154,1
DA:160,0
DA:165,2
DA:166,2
DA:167,2
DA:169,2
DA:170,1
DA:173,1
DA:174,1
DA:175,1
DA:176,1
DA:179,0
DA:180,0
DA:185,0
DA:186,0
DA:188,0
DA:190,0
DA:195,2
DA:196,2
DA:197,2
DA:198,0
DA:201,2
DA:206,2
DA:207,0
DA:210,2
DA:211,2
DA:212,1
DA:215,1
DA:222,1
DA:224,0
DA:229,4
DA:230,4
DA:231,4
DA:232,4
DA:233,0
DA:236,4
DA:237,4
DA:238,1
DA:241,3
DA:242,3
DA:243,3
DA:244,0
DA:247,3
DA:248,1
DA:255,1
DA:262,2
DA:263,1
DA:264,1
DA:272,1
DA:279,1
DA:281,1
DA:282,1
DA:284,0
DA:289,1
DA:290,1
DA:291,1
DA:292,1
DA:293,1
DA:296,0
DA:309,0
DA:310,0
DA:311,0
DA:312,0
DA:315,0
DA:323,0
DA:324,0
DA:326,0
DA:331,1
DA:332,1
DA:337,2
DA:338,2
DA:339,1
DA:342,1
DA:346,1
DA:347,0
DA:348,0
DA:351,1
DA:352,1
DA:353,1
DA:355,0
DA:360,2
DA:361,2
DA:362,0
DA:365,2
DA:366,2
DA:367,1
DA:370,1
DA:371,1
DA:372,0
DA:375,1
DA:376,1
DA:377,0
DA:380,1
DA:381,1
DA:382,1
DA:384,0
DA:389,2
DA:390,2
DA:391,0
DA:394,2
DA:395,2
DA:397,2
DA:398,0
DA:401,2
DA:402,0
DA:405,2
DA:410,2
DA:411,0
DA:414,2
DA:415,2
DA:416,2
DA:417,0
DA:420,2
DA:421,1
DA:424,1
DA:426,1
DA:430,1
DA:432,1
DA:437,0
DA:441,1
LF:171
LH:131
BRDA:11,0,0,13
BRDA:11,0,1,2
BRDA:19,1,0,6
BRDA:19,1,1,6
BRDA:19,1,2,6
BRDA:34,2,0,4
BRDA:68,3,0,1
BRDA:68,3,1,0
BRDA:76,4,0,0
BRDA:76,4,1,1
BRDA:80,5,0,0
BRDA:80,5,1,1
BRDA:84,6,0,0
BRDA:84,6,1,1
BRDA:89,7,0,1
BRDA:89,7,1,0
BRDA:102,8,0,1
BRDA:102,8,1,4
BRDA:102,9,0,5
BRDA:102,9,1,4
BRDA:102,9,2,4
BRDA:106,10,0,1
BRDA:106,10,1,3
BRDA:114,11,0,2
BRDA:114,11,1,1
BRDA:116,12,0,1
BRDA:116,12,1,1
BRDA:167,13,0,2
BRDA:167,13,1,1
BRDA:169,14,0,1
BRDA:169,14,1,1
BRDA:169,15,0,2
BRDA:169,15,1,1
BRDA:175,16,0,1
BRDA:175,16,1,0
BRDA:197,17,0,0
BRDA:197,17,1,2
BRDA:206,18,0,0
BRDA:206,18,1,2
BRDA:211,19,0,1
BRDA:211,19,1,1
BRDA:232,20,0,0
BRDA:232,20,1,4
BRDA:232,21,0,4
BRDA:232,21,1,4
BRDA:237,22,0,1
BRDA:237,22,1,3
BRDA:243,23,0,0
BRDA:243,23,1,3
BRDA:247,24,0,1
BRDA:247,24,1,2
BRDA:262,25,0,1
BRDA:262,25,1,1
BRDA:290,26,0,1
BRDA:290,26,1,1
BRDA:291,27,0,1
BRDA:291,27,1,1
BRDA:292,28,0,1
BRDA:292,28,1,0
BRDA:292,29,0,1
BRDA:292,29,1,0
BRDA:309,30,0,0
BRDA:309,30,1,0
BRDA:311,31,0,0
BRDA:311,31,1,0
BRDA:338,32,0,1
BRDA:338,32,1,1
BRDA:346,33,0,0
BRDA:346,33,1,1
BRDA:361,34,0,0
BRDA:361,34,1,2
BRDA:366,35,0,1
BRDA:366,35,1,1
BRDA:366,36,0,2
BRDA:366,36,1,2
BRDA:366,36,2,2
BRDA:371,37,0,0
BRDA:371,37,1,1
BRDA:376,38,0,0
BRDA:376,38,1,1
BRDA:390,39,0,0
BRDA:390,39,1,2
BRDA:395,40,0,2
BRDA:395,40,1,0
BRDA:397,41,0,0
BRDA:397,41,1,2
BRDA:401,42,0,0
BRDA:401,42,1,2
BRDA:410,43,0,0
BRDA:410,43,1,2
BRDA:416,44,0,0
BRDA:416,44,1,2
BRDA:420,45,0,1
BRDA:420,45,1,1
BRDA:420,46,0,2
BRDA:420,46,1,2
BRDA:424,47,0,1
BRDA:424,47,1,0
BRDA:428,48,0,1
BRDA:428,48,1,0
BRDA:433,49,0,1
BRDA:433,49,1,0
BRF:102
BRH:73
end_of_record
TN:
SF:server\controllers\authMiddleware.js
FN:1,requireAuth
FNF:1
FNH:1
FNDA:4,requireAuth
DA:2,4
DA:3,0
DA:5,4
DA:8,1
LF:4
LH:3
BRDA:2,0,0,0
BRDA:2,0,1,4
BRF:2
BRH:1
end_of_record
TN:
SF:server\routes\auth.js
FNF:0
FNH:0
DA:1,1
DA:2,1
DA:3,1
DA:5,1
DA:7,1
DA:8,1
DA:9,1
DA:10,1
DA:11,1
DA:12,1
DA:13,1
DA:14,1
DA:15,1
DA:17,1
LF:14
LH:14
BRF:0
BRH:0
end_of_record
